2017/01/17 20:28:29 [error] [exception.CHttpException.404] exception 'CHttpException' with message 'Unable to resolve the request "home".' in C:\xampp\htdocs\framework\web\CWebApplication.php:286
Stack trace:
#0 C:\xampp\htdocs\framework\web\CWebApplication.php(141): CWebApplication->runController('')
#1 C:\xampp\htdocs\framework\base\CApplication.php(184): CWebApplication->processRequest()
#2 C:\xampp\htdocs\petrol\index.php(13): CApplication->run()
#3 {main}
REQUEST_URI=/petrol/
---
2017/01/17 20:28:34 [error] [exception.CHttpException.404] exception 'CHttpException' with message 'The system is unable to find the requested action "default".' in C:\xampp\htdocs\framework\web\CController.php:483
Stack trace:
#0 C:\xampp\htdocs\framework\web\CController.php(270): CController->missingAction('default')
#1 C:\xampp\htdocs\framework\web\CWebApplication.php(282): CController->run('default')
#2 C:\xampp\htdocs\framework\web\CWebApplication.php(141): CWebApplication->runController('site/default/lo...')
#3 C:\xampp\htdocs\framework\base\CApplication.php(184): CWebApplication->processRequest()
#4 C:\xampp\htdocs\petrol\index.php(13): CApplication->run()
#5 {main}
REQUEST_URI=/petrol/index.php/site/login
HTTP_REFERER=http://localhost/petrol/
---
2017/01/17 20:29:13 [error] [exception.CDbException] exception 'CDbException' with message 'CDbConnection failed to open the DB connection: SQLSTATE[HY000] [1049] Unknown database 'petrol'' in C:\xampp\htdocs\framework\db\CDbConnection.php:399
Stack trace:
#0 C:\xampp\htdocs\framework\db\CDbConnection.php(347): CDbConnection->open()
#1 C:\xampp\htdocs\framework\db\CDbConnection.php(325): CDbConnection->setActive(true)
#2 C:\xampp\htdocs\framework\base\CModule.php(394): CDbConnection->init()
#3 C:\xampp\htdocs\framework\base\CModule.php(103): CModule->getComponent('db')
#4 C:\xampp\htdocs\framework\gii\generators\model\ModelCode.php(60): CModule->__get('db')
#5 C:\xampp\htdocs\framework\web\CFormModel.php(39): ModelCode->init()
#6 C:\xampp\htdocs\framework\gii\CCodeGenerator.php(153): CFormModel->__construct()
#7 C:\xampp\htdocs\framework\gii\CCodeGenerator.php(63): CCodeGenerator->prepare()
#8 C:\xampp\htdocs\framework\web\actions\CInlineAction.php(49): CCodeGenerator->actionIndex()
#9 C:\xampp\htdocs\framework\web\CController.php(308): CInlineAction->runWithParams(Array)
#10 C:\xampp\htdocs\framework\web\CController.php(286): CController->runAction(Object(CInlineAction))
#11 C:\xampp\htdocs\framework\web\CController.php(265): CController->runActionWithFilters(Object(CInlineAction), Array)
#12 C:\xampp\htdocs\framework\web\CWebApplication.php(282): CController->run('index')
#13 C:\xampp\htdocs\framework\web\CWebApplication.php(141): CWebApplication->runController('gii/model/index')
#14 C:\xampp\htdocs\framework\base\CApplication.php(184): CWebApplication->processRequest()
#15 C:\xampp\htdocs\petrol\index.php(13): CApplication->run()
#16 {main}
REQUEST_URI=/petrol/index.php/gii/model/index
HTTP_REFERER=http://localhost/petrol/index.php/gii/module/index
---
2017/01/20 20:42:41 [error] [exception.CException] exception 'CException' with message 'AdminModule and its behaviors do not have a method or closure named "encrypting".' in C:\xampp\htdocs\framework\base\CComponent.php:266
Stack trace:
#0 C:\xampp\htdocs\petrol\protected\modules\admin\components\UserIdentity.php(40): CComponent->__call('encrypting', Array)
#1 C:\xampp\htdocs\petrol\protected\modules\admin\components\UserIdentity.php(40): AdminModule->encrypting('123456')
#2 C:\xampp\htdocs\petrol\protected\modules\admin\models\LoginForm.php(60): UserIdentity->authenticate()
#3 C:\xampp\htdocs\framework\validators\CInlineValidator.php(42): LoginForm->authenticate('password', Array)
#4 C:\xampp\htdocs\framework\validators\CValidator.php(201): CInlineValidator->validateAttribute(Object(LoginForm), 'password')
#5 C:\xampp\htdocs\framework\base\CModel.php(159): CValidator->validate(Object(LoginForm), NULL)
#6 C:\xampp\htdocs\petrol\protected\modules\admin\controllers\LoginController.php(20): CModel->validate()
#7 C:\xampp\htdocs\framework\web\actions\CInlineAction.php(49): LoginController->actionIndex()
#8 C:\xampp\htdocs\framework\web\CController.php(308): CInlineAction->runWithParams(Array)
#9 C:\xampp\htdocs\framework\web\CController.php(286): CController->runAction(Object(CInlineAction))
#10 C:\xampp\htdocs\framework\web\CController.php(265): CController->runActionWithFilters(Object(CInlineAction), Array)
#11 C:\xampp\htdocs\framework\web\CWebApplication.php(282): CController->run('')
#12 C:\xampp\htdocs\framework\web\CWebApplication.php(141): CWebApplication->runController('')
#13 C:\xampp\htdocs\framework\base\CApplication.php(184): CWebApplication->processRequest()
#14 C:\xampp\htdocs\petrol\index.php(13): CApplication->run()
#15 {main}
REQUEST_URI=/petrol/index.php/
HTTP_REFERER=http://localhost/petrol/index.php/
---
2017/01/20 20:43:08 [error] [exception.CDbException] exception 'CDbException' with message 'Column name must be either a string or an array.' in C:\xampp\htdocs\framework\db\schema\CDbCommandBuilder.php:831
Stack trace:
#0 C:\xampp\htdocs\framework\db\schema\CDbCommandBuilder.php(624): CDbCommandBuilder->createInCondition(Object(CMysqlTableSchema), NULL, Array, '`t`.')
#1 C:\xampp\htdocs\framework\db\ar\CActiveRecord.php(1490): CDbCommandBuilder->createPkCriteria(Object(CMysqlTableSchema), '4eee73be-fb69-1...', '', Array, '`t`.')
#2 C:\xampp\htdocs\petrol\protected\modules\admin\components\UserIdentity.php(52): CActiveRecord->findByPk('4eee73be-fb69-1...')
#3 C:\xampp\htdocs\petrol\protected\modules\admin\models\LoginForm.php(60): UserIdentity->authenticate()
#4 C:\xampp\htdocs\framework\validators\CInlineValidator.php(42): LoginForm->authenticate('password', Array)
#5 C:\xampp\htdocs\framework\validators\CValidator.php(201): CInlineValidator->validateAttribute(Object(LoginForm), 'password')
#6 C:\xampp\htdocs\framework\base\CModel.php(159): CValidator->validate(Object(LoginForm), NULL)
#7 C:\xampp\htdocs\petrol\protected\modules\admin\controllers\LoginController.php(20): CModel->validate()
#8 C:\xampp\htdocs\framework\web\actions\CInlineAction.php(49): LoginController->actionIndex()
#9 C:\xampp\htdocs\framework\web\CController.php(308): CInlineAction->runWithParams(Array)
#10 C:\xampp\htdocs\framework\web\CController.php(286): CController->runAction(Object(CInlineAction))
#11 C:\xampp\htdocs\framework\web\CController.php(265): CController->runActionWithFilters(Object(CInlineAction), Array)
#12 C:\xampp\htdocs\framework\web\CWebApplication.php(282): CController->run('')
#13 C:\xampp\htdocs\framework\web\CWebApplication.php(141): CWebApplication->runController('')
#14 C:\xampp\htdocs\framework\base\CApplication.php(184): CWebApplication->processRequest()
#15 C:\xampp\htdocs\petrol\index.php(13): CApplication->run()
#16 {main}
REQUEST_URI=/petrol/index.php/
HTTP_REFERER=http://localhost/petrol/index.php/
---
2017/01/20 20:44:34 [error] [exception.CDbException] exception 'CDbException' with message 'Column name must be either a string or an array.' in C:\xampp\htdocs\framework\db\schema\CDbCommandBuilder.php:831
Stack trace:
#0 C:\xampp\htdocs\framework\db\schema\CDbCommandBuilder.php(624): CDbCommandBuilder->createInCondition(Object(CMysqlTableSchema), NULL, Array, '`t`.')
#1 C:\xampp\htdocs\framework\db\ar\CActiveRecord.php(1490): CDbCommandBuilder->createPkCriteria(Object(CMysqlTableSchema), '4eee73be-fb69-1...', '', Array, '`t`.')
#2 C:\xampp\htdocs\petrol\protected\modules\admin\components\UserIdentity.php(52): CActiveRecord->findByPk('4eee73be-fb69-1...')
#3 C:\xampp\htdocs\petrol\protected\modules\admin\models\LoginForm.php(60): UserIdentity->authenticate()
#4 C:\xampp\htdocs\framework\validators\CInlineValidator.php(42): LoginForm->authenticate('password', Array)
#5 C:\xampp\htdocs\framework\validators\CValidator.php(201): CInlineValidator->validateAttribute(Object(LoginForm), 'password')
#6 C:\xampp\htdocs\framework\base\CModel.php(159): CValidator->validate(Object(LoginForm), NULL)
#7 C:\xampp\htdocs\petrol\protected\modules\admin\controllers\LoginController.php(20): CModel->validate()
#8 C:\xampp\htdocs\framework\web\actions\CInlineAction.php(49): LoginController->actionIndex()
#9 C:\xampp\htdocs\framework\web\CController.php(308): CInlineAction->runWithParams(Array)
#10 C:\xampp\htdocs\framework\web\CController.php(286): CController->runAction(Object(CInlineAction))
#11 C:\xampp\htdocs\framework\web\CController.php(265): CController->runActionWithFilters(Object(CInlineAction), Array)
#12 C:\xampp\htdocs\framework\web\CWebApplication.php(282): CController->run('')
#13 C:\xampp\htdocs\framework\web\CWebApplication.php(141): CWebApplication->runController('')
#14 C:\xampp\htdocs\framework\base\CApplication.php(184): CWebApplication->processRequest()
#15 C:\xampp\htdocs\petrol\index.php(13): CApplication->run()
#16 {main}
REQUEST_URI=/petrol/index.php/
HTTP_REFERER=http://localhost/petrol/index.php/
---
2017/01/20 20:50:00 [error] [exception.CException] exception 'CException' with message 'Property "Users.role" is not defined.' in C:\xampp\htdocs\framework\base\CComponent.php:130
Stack trace:
#0 C:\xampp\htdocs\framework\db\ar\CActiveRecord.php(145): CComponent->__get('role')
#1 C:\xampp\htdocs\petrol\protected\modules\admin\components\UserIdentity.php(52): CActiveRecord->__get('role')
#2 C:\xampp\htdocs\petrol\protected\modules\admin\models\LoginForm.php(60): UserIdentity->authenticate()
#3 C:\xampp\htdocs\framework\validators\CInlineValidator.php(42): LoginForm->authenticate('password', Array)
#4 C:\xampp\htdocs\framework\validators\CValidator.php(201): CInlineValidator->validateAttribute(Object(LoginForm), 'password')
#5 C:\xampp\htdocs\framework\base\CModel.php(159): CValidator->validate(Object(LoginForm), NULL)
#6 C:\xampp\htdocs\petrol\protected\modules\admin\controllers\LoginController.php(20): CModel->validate()
#7 C:\xampp\htdocs\framework\web\actions\CInlineAction.php(49): LoginController->actionIndex()
#8 C:\xampp\htdocs\framework\web\CController.php(308): CInlineAction->runWithParams(Array)
#9 C:\xampp\htdocs\framework\web\CController.php(286): CController->runAction(Object(CInlineAction))
#10 C:\xampp\htdocs\framework\web\CController.php(265): CController->runActionWithFilters(Object(CInlineAction), Array)
#11 C:\xampp\htdocs\framework\web\CWebApplication.php(282): CController->run('')
#12 C:\xampp\htdocs\framework\web\CWebApplication.php(141): CWebApplication->runController('')
#13 C:\xampp\htdocs\framework\base\CApplication.php(184): CWebApplication->processRequest()
#14 C:\xampp\htdocs\petrol\index.php(13): CApplication->run()
#15 {main}
REQUEST_URI=/petrol/index.php/
HTTP_REFERER=http://localhost/petrol/index.php/
---
2017/01/20 20:50:15 [error] [exception.CDbException] exception 'CDbException' with message 'Column name must be either a string or an array.' in C:\xampp\htdocs\framework\db\schema\CDbCommandBuilder.php:831
Stack trace:
#0 C:\xampp\htdocs\framework\db\schema\CDbCommandBuilder.php(624): CDbCommandBuilder->createInCondition(Object(CMysqlTableSchema), NULL, Array, '`t`.')
#1 C:\xampp\htdocs\framework\db\ar\CActiveRecord.php(1490): CDbCommandBuilder->createPkCriteria(Object(CMysqlTableSchema), '4eee73be-fb69-1...', '', Array, '`t`.')
#2 C:\xampp\htdocs\petrol\protected\modules\admin\components\UserIdentity.php(53): CActiveRecord->findByPk('4eee73be-fb69-1...')
#3 C:\xampp\htdocs\petrol\protected\modules\admin\models\LoginForm.php(60): UserIdentity->authenticate()
#4 C:\xampp\htdocs\framework\validators\CInlineValidator.php(42): LoginForm->authenticate('password', Array)
#5 C:\xampp\htdocs\framework\validators\CValidator.php(201): CInlineValidator->validateAttribute(Object(LoginForm), 'password')
#6 C:\xampp\htdocs\framework\base\CModel.php(159): CValidator->validate(Object(LoginForm), NULL)
#7 C:\xampp\htdocs\petrol\protected\modules\admin\controllers\LoginController.php(20): CModel->validate()
#8 C:\xampp\htdocs\framework\web\actions\CInlineAction.php(49): LoginController->actionIndex()
#9 C:\xampp\htdocs\framework\web\CController.php(308): CInlineAction->runWithParams(Array)
#10 C:\xampp\htdocs\framework\web\CController.php(286): CController->runAction(Object(CInlineAction))
#11 C:\xampp\htdocs\framework\web\CController.php(265): CController->runActionWithFilters(Object(CInlineAction), Array)
#12 C:\xampp\htdocs\framework\web\CWebApplication.php(282): CController->run('')
#13 C:\xampp\htdocs\framework\web\CWebApplication.php(141): CWebApplication->runController('')
#14 C:\xampp\htdocs\framework\base\CApplication.php(184): CWebApplication->processRequest()
#15 C:\xampp\htdocs\petrol\index.php(13): CApplication->run()
#16 {main}
REQUEST_URI=/petrol/index.php/
HTTP_REFERER=http://localhost/petrol/index.php/
---
2017/01/20 20:51:05 [error] [exception.CDbException] exception 'CDbException' with message 'Column name must be either a string or an array.' in C:\xampp\htdocs\framework\db\schema\CDbCommandBuilder.php:831
Stack trace:
#0 C:\xampp\htdocs\framework\db\schema\CDbCommandBuilder.php(624): CDbCommandBuilder->createInCondition(Object(CMysqlTableSchema), NULL, Array, '`t`.')
#1 C:\xampp\htdocs\framework\db\ar\CActiveRecord.php(1490): CDbCommandBuilder->createPkCriteria(Object(CMysqlTableSchema), '".$role."', '', Array, '`t`.')
#2 C:\xampp\htdocs\petrol\protected\modules\admin\components\UserIdentity.php(54): CActiveRecord->findByPk('".$role."')
#3 C:\xampp\htdocs\petrol\protected\modules\admin\models\LoginForm.php(60): UserIdentity->authenticate()
#4 C:\xampp\htdocs\framework\validators\CInlineValidator.php(42): LoginForm->authenticate('password', Array)
#5 C:\xampp\htdocs\framework\validators\CValidator.php(201): CInlineValidator->validateAttribute(Object(LoginForm), 'password')
#6 C:\xampp\htdocs\framework\base\CModel.php(159): CValidator->validate(Object(LoginForm), NULL)
#7 C:\xampp\htdocs\petrol\protected\modules\admin\controllers\LoginController.php(20): CModel->validate()
#8 C:\xampp\htdocs\framework\web\actions\CInlineAction.php(49): LoginController->actionIndex()
#9 C:\xampp\htdocs\framework\web\CController.php(308): CInlineAction->runWithParams(Array)
#10 C:\xampp\htdocs\framework\web\CController.php(286): CController->runAction(Object(CInlineAction))
#11 C:\xampp\htdocs\framework\web\CController.php(265): CController->runActionWithFilters(Object(CInlineAction), Array)
#12 C:\xampp\htdocs\framework\web\CWebApplication.php(282): CController->run('')
#13 C:\xampp\htdocs\framework\web\CWebApplication.php(141): CWebApplication->runController('')
#14 C:\xampp\htdocs\framework\base\CApplication.php(184): CWebApplication->processRequest()
#15 C:\xampp\htdocs\petrol\index.php(13): CApplication->run()
#16 {main}
REQUEST_URI=/petrol/index.php/
HTTP_REFERER=http://localhost/petrol/index.php/
---
2017/01/20 20:51:58 [error] [php] Trying to get property of non-object (C:\xampp\htdocs\petrol\themes\admin\views\layouts\main.php:58)
Stack trace:
#0 C:\xampp\htdocs\framework\web\widgets\CContentDecorator.php(76): DashboardController->renderFile()
#1 C:\xampp\htdocs\framework\web\widgets\CContentDecorator.php(54): CContentDecorator->decorate()
#2 C:\xampp\htdocs\framework\web\widgets\COutputProcessor.php(44): CContentDecorator->processOutput()
#3 C:\xampp\htdocs\framework\web\CBaseController.php(214): CContentDecorator->run()
#4 C:\xampp\htdocs\framework\web\CBaseController.php(308): DashboardController->endWidget()
#5 C:\xampp\htdocs\petrol\themes\admin\views\layouts\column2.php(4): DashboardController->endContent()
#6 C:\xampp\htdocs\framework\web\CBaseController.php(126): require()
#7 C:\xampp\htdocs\framework\web\CBaseController.php(95): DashboardController->renderInternal()
#8 C:\xampp\htdocs\framework\web\CController.php(784): DashboardController->renderFile()
#9 C:\xampp\htdocs\petrol\protected\modules\admin\controllers\DashboardController.php(49): DashboardController->render()
#10 C:\xampp\htdocs\framework\web\actions\CInlineAction.php(49): DashboardController->actionIndex()
#11 C:\xampp\htdocs\framework\web\CController.php(308): CInlineAction->runWithParams()
#12 C:\xampp\htdocs\framework\web\filters\CFilterChain.php(133): DashboardController->runAction()
#13 C:\xampp\htdocs\framework\web\filters\CFilter.php(40): CFilterChain->run()
#14 C:\xampp\htdocs\framework\web\CController.php(1145): CAccessControlFilter->filter()
#15 C:\xampp\htdocs\framework\web\filters\CInlineFilter.php(58): DashboardController->filterAccessControl()
#16 C:\xampp\htdocs\framework\web\filters\CFilterChain.php(130): CInlineFilter->filter()
#17 C:\xampp\htdocs\framework\web\CController.php(291): CFilterChain->run()
#18 C:\xampp\htdocs\framework\web\CController.php(265): DashboardController->runActionWithFilters()
#19 C:\xampp\htdocs\framework\web\CWebApplication.php(282): DashboardController->run()
#20 C:\xampp\htdocs\framework\web\CWebApplication.php(141): CWebApplication->runController()
#21 C:\xampp\htdocs\framework\base\CApplication.php(184): CWebApplication->processRequest()
#22 C:\xampp\htdocs\petrol\index.php(13): CWebApplication->run()
REQUEST_URI=/petrol/index.php/admin/dashboard
in C:\xampp\htdocs\petrol\themes\admin\views\layouts\main.php (58)
in C:\xampp\htdocs\petrol\themes\admin\views\layouts\column2.php (4)
in C:\xampp\htdocs\petrol\protected\modules\admin\controllers\DashboardController.php (49)
2017/01/20 20:54:31 [error] [php] Undefined variable: user (C:\xampp\htdocs\petrol\themes\admin\views\layouts\main.php:65)
Stack trace:
#0 C:\xampp\htdocs\framework\web\widgets\CContentDecorator.php(76): DashboardController->renderFile()
#1 C:\xampp\htdocs\framework\web\widgets\CContentDecorator.php(54): CContentDecorator->decorate()
#2 C:\xampp\htdocs\framework\web\widgets\COutputProcessor.php(44): CContentDecorator->processOutput()
#3 C:\xampp\htdocs\framework\web\CBaseController.php(214): CContentDecorator->run()
#4 C:\xampp\htdocs\framework\web\CBaseController.php(308): DashboardController->endWidget()
#5 C:\xampp\htdocs\petrol\themes\admin\views\layouts\column2.php(4): DashboardController->endContent()
#6 C:\xampp\htdocs\framework\web\CBaseController.php(126): require()
#7 C:\xampp\htdocs\framework\web\CBaseController.php(95): DashboardController->renderInternal()
#8 C:\xampp\htdocs\framework\web\CController.php(784): DashboardController->renderFile()
#9 C:\xampp\htdocs\petrol\protected\modules\admin\controllers\DashboardController.php(49): DashboardController->render()
#10 C:\xampp\htdocs\framework\web\actions\CInlineAction.php(49): DashboardController->actionIndex()
#11 C:\xampp\htdocs\framework\web\CController.php(308): CInlineAction->runWithParams()
#12 C:\xampp\htdocs\framework\web\filters\CFilterChain.php(133): DashboardController->runAction()
#13 C:\xampp\htdocs\framework\web\filters\CFilter.php(40): CFilterChain->run()
#14 C:\xampp\htdocs\framework\web\CController.php(1145): CAccessControlFilter->filter()
#15 C:\xampp\htdocs\framework\web\filters\CInlineFilter.php(58): DashboardController->filterAccessControl()
#16 C:\xampp\htdocs\framework\web\filters\CFilterChain.php(130): CInlineFilter->filter()
#17 C:\xampp\htdocs\framework\web\CController.php(291): CFilterChain->run()
#18 C:\xampp\htdocs\framework\web\CController.php(265): DashboardController->runActionWithFilters()
#19 C:\xampp\htdocs\framework\web\CWebApplication.php(282): DashboardController->run()
#20 C:\xampp\htdocs\framework\web\CWebApplication.php(141): CWebApplication->runController()
#21 C:\xampp\htdocs\framework\base\CApplication.php(184): CWebApplication->processRequest()
#22 C:\xampp\htdocs\petrol\index.php(13): CWebApplication->run()
REQUEST_URI=/petrol/index.php/admin/dashboard
in C:\xampp\htdocs\petrol\themes\admin\views\layouts\main.php (65)
in C:\xampp\htdocs\petrol\themes\admin\views\layouts\column2.php (4)
in C:\xampp\htdocs\petrol\protected\modules\admin\controllers\DashboardController.php (49)
2017/01/20 21:01:35 [error] [php] Undefined variable: user (C:\xampp\htdocs\petrol\themes\admin\views\layouts\main.php:65)
Stack trace:
#0 C:\xampp\htdocs\framework\web\widgets\CContentDecorator.php(76): DashboardController->renderFile()
#1 C:\xampp\htdocs\framework\web\widgets\CContentDecorator.php(54): CContentDecorator->decorate()
#2 C:\xampp\htdocs\framework\web\widgets\COutputProcessor.php(44): CContentDecorator->processOutput()
#3 C:\xampp\htdocs\framework\web\CBaseController.php(214): CContentDecorator->run()
#4 C:\xampp\htdocs\framework\web\CBaseController.php(308): DashboardController->endWidget()
#5 C:\xampp\htdocs\petrol\themes\admin\views\layouts\column2.php(4): DashboardController->endContent()
#6 C:\xampp\htdocs\framework\web\CBaseController.php(126): require()
#7 C:\xampp\htdocs\framework\web\CBaseController.php(95): DashboardController->renderInternal()
#8 C:\xampp\htdocs\framework\web\CController.php(784): DashboardController->renderFile()
#9 C:\xampp\htdocs\petrol\protected\modules\admin\controllers\DashboardController.php(49): DashboardController->render()
#10 C:\xampp\htdocs\framework\web\actions\CInlineAction.php(49): DashboardController->actionIndex()
#11 C:\xampp\htdocs\framework\web\CController.php(308): CInlineAction->runWithParams()
#12 C:\xampp\htdocs\framework\web\filters\CFilterChain.php(133): DashboardController->runAction()
#13 C:\xampp\htdocs\framework\web\filters\CFilter.php(40): CFilterChain->run()
#14 C:\xampp\htdocs\framework\web\CController.php(1145): CAccessControlFilter->filter()
#15 C:\xampp\htdocs\framework\web\filters\CInlineFilter.php(58): DashboardController->filterAccessControl()
#16 C:\xampp\htdocs\framework\web\filters\CFilterChain.php(130): CInlineFilter->filter()
#17 C:\xampp\htdocs\framework\web\CController.php(291): CFilterChain->run()
#18 C:\xampp\htdocs\framework\web\CController.php(265): DashboardController->runActionWithFilters()
#19 C:\xampp\htdocs\framework\web\CWebApplication.php(282): DashboardController->run()
#20 C:\xampp\htdocs\framework\web\CWebApplication.php(141): CWebApplication->runController()
#21 C:\xampp\htdocs\framework\base\CApplication.php(184): CWebApplication->processRequest()
#22 C:\xampp\htdocs\petrol\index.php(13): CWebApplication->run()
REQUEST_URI=/petrol/index.php/admin/dashboard
in C:\xampp\htdocs\petrol\themes\admin\views\layouts\main.php (65)
in C:\xampp\htdocs\petrol\themes\admin\views\layouts\column2.php (4)
in C:\xampp\htdocs\petrol\protected\modules\admin\controllers\DashboardController.php (49)
2017/01/24 20:36:14 [error] [php] Undefined variable: user (C:\xampp\htdocs\petrol\themes\admin\views\layouts\main.php:65)
Stack trace:
#0 C:\xampp\htdocs\framework\web\widgets\CContentDecorator.php(76): DashboardController->renderFile()
#1 C:\xampp\htdocs\framework\web\widgets\CContentDecorator.php(54): CContentDecorator->decorate()
#2 C:\xampp\htdocs\framework\web\widgets\COutputProcessor.php(44): CContentDecorator->processOutput()
#3 C:\xampp\htdocs\framework\web\CBaseController.php(214): CContentDecorator->run()
#4 C:\xampp\htdocs\framework\web\CBaseController.php(308): DashboardController->endWidget()
#5 C:\xampp\htdocs\petrol\themes\admin\views\layouts\column2.php(4): DashboardController->endContent()
#6 C:\xampp\htdocs\framework\web\CBaseController.php(126): require()
#7 C:\xampp\htdocs\framework\web\CBaseController.php(95): DashboardController->renderInternal()
#8 C:\xampp\htdocs\framework\web\CController.php(784): DashboardController->renderFile()
#9 C:\xampp\htdocs\petrol\protected\modules\admin\controllers\DashboardController.php(49): DashboardController->render()
#10 C:\xampp\htdocs\framework\web\actions\CInlineAction.php(49): DashboardController->actionIndex()
#11 C:\xampp\htdocs\framework\web\CController.php(308): CInlineAction->runWithParams()
#12 C:\xampp\htdocs\framework\web\filters\CFilterChain.php(133): DashboardController->runAction()
#13 C:\xampp\htdocs\framework\web\filters\CFilter.php(40): CFilterChain->run()
#14 C:\xampp\htdocs\framework\web\CController.php(1145): CAccessControlFilter->filter()
#15 C:\xampp\htdocs\framework\web\filters\CInlineFilter.php(58): DashboardController->filterAccessControl()
#16 C:\xampp\htdocs\framework\web\filters\CFilterChain.php(130): CInlineFilter->filter()
#17 C:\xampp\htdocs\framework\web\CController.php(291): CFilterChain->run()
#18 C:\xampp\htdocs\framework\web\CController.php(265): DashboardController->runActionWithFilters()
#19 C:\xampp\htdocs\framework\web\CWebApplication.php(282): DashboardController->run()
#20 C:\xampp\htdocs\framework\web\CWebApplication.php(141): CWebApplication->runController()
#21 C:\xampp\htdocs\framework\base\CApplication.php(184): CWebApplication->processRequest()
#22 C:\xampp\htdocs\petrol\index.php(13): CWebApplication->run()
REQUEST_URI=/petrol/index.php/admin/dashboard
in C:\xampp\htdocs\petrol\themes\admin\views\layouts\main.php (65)
in C:\xampp\htdocs\petrol\themes\admin\views\layouts\column2.php (4)
in C:\xampp\htdocs\petrol\protected\modules\admin\controllers\DashboardController.php (49)
2017/01/24 20:36:53 [error] [php] Undefined variable: user (C:\xampp\htdocs\petrol\themes\admin\views\layouts\main.php:65)
Stack trace:
#0 C:\xampp\htdocs\framework\web\widgets\CContentDecorator.php(76): DashboardController->renderFile()
#1 C:\xampp\htdocs\framework\web\widgets\CContentDecorator.php(54): CContentDecorator->decorate()
#2 C:\xampp\htdocs\framework\web\widgets\COutputProcessor.php(44): CContentDecorator->processOutput()
#3 C:\xampp\htdocs\framework\web\CBaseController.php(214): CContentDecorator->run()
#4 C:\xampp\htdocs\framework\web\CBaseController.php(308): DashboardController->endWidget()
#5 C:\xampp\htdocs\petrol\themes\admin\views\layouts\column2.php(4): DashboardController->endContent()
#6 C:\xampp\htdocs\framework\web\CBaseController.php(126): require()
#7 C:\xampp\htdocs\framework\web\CBaseController.php(95): DashboardController->renderInternal()
#8 C:\xampp\htdocs\framework\web\CController.php(784): DashboardController->renderFile()
#9 C:\xampp\htdocs\petrol\protected\modules\admin\controllers\DashboardController.php(49): DashboardController->render()
#10 C:\xampp\htdocs\framework\web\actions\CInlineAction.php(49): DashboardController->actionIndex()
#11 C:\xampp\htdocs\framework\web\CController.php(308): CInlineAction->runWithParams()
#12 C:\xampp\htdocs\framework\web\filters\CFilterChain.php(133): DashboardController->runAction()
#13 C:\xampp\htdocs\framework\web\filters\CFilter.php(40): CFilterChain->run()
#14 C:\xampp\htdocs\framework\web\CController.php(1145): CAccessControlFilter->filter()
#15 C:\xampp\htdocs\framework\web\filters\CInlineFilter.php(58): DashboardController->filterAccessControl()
#16 C:\xampp\htdocs\framework\web\filters\CFilterChain.php(130): CInlineFilter->filter()
#17 C:\xampp\htdocs\framework\web\CController.php(291): CFilterChain->run()
#18 C:\xampp\htdocs\framework\web\CController.php(265): DashboardController->runActionWithFilters()
#19 C:\xampp\htdocs\framework\web\CWebApplication.php(282): DashboardController->run()
#20 C:\xampp\htdocs\framework\web\CWebApplication.php(141): CWebApplication->runController()
#21 C:\xampp\htdocs\framework\base\CApplication.php(184): CWebApplication->processRequest()
#22 C:\xampp\htdocs\petrol\index.php(13): CWebApplication->run()
REQUEST_URI=/petrol/index.php/admin/dashboard
in C:\xampp\htdocs\petrol\themes\admin\views\layouts\main.php (65)
in C:\xampp\htdocs\petrol\themes\admin\views\layouts\column2.php (4)
in C:\xampp\htdocs\petrol\protected\modules\admin\controllers\DashboardController.php (49)
2017/01/24 20:36:57 [error] [php] Undefined variable: user (C:\xampp\htdocs\petrol\themes\admin\views\layouts\main.php:65)
Stack trace:
#0 C:\xampp\htdocs\framework\web\widgets\CContentDecorator.php(76): DashboardController->renderFile()
#1 C:\xampp\htdocs\framework\web\widgets\CContentDecorator.php(54): CContentDecorator->decorate()
#2 C:\xampp\htdocs\framework\web\widgets\COutputProcessor.php(44): CContentDecorator->processOutput()
#3 C:\xampp\htdocs\framework\web\CBaseController.php(214): CContentDecorator->run()
#4 C:\xampp\htdocs\framework\web\CBaseController.php(308): DashboardController->endWidget()
#5 C:\xampp\htdocs\petrol\themes\admin\views\layouts\column2.php(4): DashboardController->endContent()
#6 C:\xampp\htdocs\framework\web\CBaseController.php(126): require()
#7 C:\xampp\htdocs\framework\web\CBaseController.php(95): DashboardController->renderInternal()
#8 C:\xampp\htdocs\framework\web\CController.php(784): DashboardController->renderFile()
#9 C:\xampp\htdocs\petrol\protected\modules\admin\controllers\DashboardController.php(49): DashboardController->render()
#10 C:\xampp\htdocs\framework\web\actions\CInlineAction.php(49): DashboardController->actionIndex()
#11 C:\xampp\htdocs\framework\web\CController.php(308): CInlineAction->runWithParams()
#12 C:\xampp\htdocs\framework\web\filters\CFilterChain.php(133): DashboardController->runAction()
#13 C:\xampp\htdocs\framework\web\filters\CFilter.php(40): CFilterChain->run()
#14 C:\xampp\htdocs\framework\web\CController.php(1145): CAccessControlFilter->filter()
#15 C:\xampp\htdocs\framework\web\filters\CInlineFilter.php(58): DashboardController->filterAccessControl()
#16 C:\xampp\htdocs\framework\web\filters\CFilterChain.php(130): CInlineFilter->filter()
#17 C:\xampp\htdocs\framework\web\CController.php(291): CFilterChain->run()
#18 C:\xampp\htdocs\framework\web\CController.php(265): DashboardController->runActionWithFilters()
#19 C:\xampp\htdocs\framework\web\CWebApplication.php(282): DashboardController->run()
#20 C:\xampp\htdocs\framework\web\CWebApplication.php(141): CWebApplication->runController()
#21 C:\xampp\htdocs\framework\base\CApplication.php(184): CWebApplication->processRequest()
#22 C:\xampp\htdocs\petrol\index.php(13): CWebApplication->run()
REQUEST_URI=/petrol/index.php/admin/dashboard
in C:\xampp\htdocs\petrol\themes\admin\views\layouts\main.php (65)
in C:\xampp\htdocs\petrol\themes\admin\views\layouts\column2.php (4)
in C:\xampp\htdocs\petrol\protected\modules\admin\controllers\DashboardController.php (49)
2017/01/24 20:37:06 [error] [exception.CException] exception 'CException' with message 'ClientController cannot find the requested view "index".' in C:\xampp\htdocs\framework\web\CController.php:878
Stack trace:
#0 C:\xampp\htdocs\framework\web\CController.php(782): CController->renderPartial('index', Array, true)
#1 C:\xampp\htdocs\petrol\protected\modules\admin\controllers\ClientController.php(128): CController->render('index', Array)
#2 C:\xampp\htdocs\framework\web\actions\CInlineAction.php(49): ClientController->actionIndex()
#3 C:\xampp\htdocs\framework\web\CController.php(308): CInlineAction->runWithParams(Array)
#4 C:\xampp\htdocs\framework\web\filters\CFilterChain.php(133): CController->runAction(Object(CInlineAction))
#5 C:\xampp\htdocs\framework\web\filters\CFilter.php(40): CFilterChain->run()
#6 C:\xampp\htdocs\framework\web\CController.php(1145): CFilter->filter(Object(CFilterChain))
#7 C:\xampp\htdocs\framework\web\filters\CInlineFilter.php(58): CController->filterAccessControl(Object(CFilterChain))
#8 C:\xampp\htdocs\framework\web\filters\CFilterChain.php(130): CInlineFilter->filter(Object(CFilterChain))
#9 C:\xampp\htdocs\framework\web\CController.php(291): CFilterChain->run()
#10 C:\xampp\htdocs\framework\web\CController.php(265): CController->runActionWithFilters(Object(CInlineAction), Array)
#11 C:\xampp\htdocs\framework\web\CWebApplication.php(282): CController->run('')
#12 C:\xampp\htdocs\framework\web\CWebApplication.php(141): CWebApplication->runController('admin/client')
#13 C:\xampp\htdocs\framework\base\CApplication.php(184): CWebApplication->processRequest()
#14 C:\xampp\htdocs\petrol\index.php(13): CApplication->run()
#15 {main}
REQUEST_URI=/petrol/index.php/admin/client
---
2017/01/24 20:37:55 [error] [php] Undefined variable: user (C:\xampp\htdocs\petrol\themes\admin\views\layouts\main.php:65)
Stack trace:
#0 C:\xampp\htdocs\framework\web\widgets\CContentDecorator.php(76): ClientController->renderFile()
#1 C:\xampp\htdocs\framework\web\widgets\CContentDecorator.php(54): CContentDecorator->decorate()
#2 C:\xampp\htdocs\framework\web\widgets\COutputProcessor.php(44): CContentDecorator->processOutput()
#3 C:\xampp\htdocs\framework\web\CBaseController.php(214): CContentDecorator->run()
#4 C:\xampp\htdocs\framework\web\CBaseController.php(308): ClientController->endWidget()
#5 C:\xampp\htdocs\petrol\themes\admin\views\layouts\column2.php(4): ClientController->endContent()
#6 C:\xampp\htdocs\framework\web\CBaseController.php(126): require()
#7 C:\xampp\htdocs\framework\web\CBaseController.php(95): ClientController->renderInternal()
#8 C:\xampp\htdocs\framework\web\CController.php(784): ClientController->renderFile()
#9 C:\xampp\htdocs\petrol\protected\modules\admin\controllers\ClientController.php(128): ClientController->render()
#10 C:\xampp\htdocs\framework\web\actions\CInlineAction.php(49): ClientController->actionIndex()
#11 C:\xampp\htdocs\framework\web\CController.php(308): CInlineAction->runWithParams()
#12 C:\xampp\htdocs\framework\web\filters\CFilterChain.php(133): ClientController->runAction()
#13 C:\xampp\htdocs\framework\web\filters\CFilter.php(40): CFilterChain->run()
#14 C:\xampp\htdocs\framework\web\CController.php(1145): CAccessControlFilter->filter()
#15 C:\xampp\htdocs\framework\web\filters\CInlineFilter.php(58): ClientController->filterAccessControl()
#16 C:\xampp\htdocs\framework\web\filters\CFilterChain.php(130): CInlineFilter->filter()
#17 C:\xampp\htdocs\framework\web\CController.php(291): CFilterChain->run()
#18 C:\xampp\htdocs\framework\web\CController.php(265): ClientController->runActionWithFilters()
#19 C:\xampp\htdocs\framework\web\CWebApplication.php(282): ClientController->run()
#20 C:\xampp\htdocs\framework\web\CWebApplication.php(141): CWebApplication->runController()
#21 C:\xampp\htdocs\framework\base\CApplication.php(184): CWebApplication->processRequest()
#22 C:\xampp\htdocs\petrol\index.php(13): CWebApplication->run()
REQUEST_URI=/petrol/index.php/admin/client
in C:\xampp\htdocs\petrol\themes\admin\views\layouts\main.php (65)
in C:\xampp\htdocs\petrol\themes\admin\views\layouts\column2.php (4)
in C:\xampp\htdocs\petrol\protected\modules\admin\controllers\ClientController.php (128)
2017/01/24 20:40:03 [error] [php] Undefined variable: user (C:\xampp\htdocs\petrol\themes\admin\views\layouts\main.php:65)
Stack trace:
#0 C:\xampp\htdocs\framework\web\widgets\CContentDecorator.php(76): ClientController->renderFile()
#1 C:\xampp\htdocs\framework\web\widgets\CContentDecorator.php(54): CContentDecorator->decorate()
#2 C:\xampp\htdocs\framework\web\widgets\COutputProcessor.php(44): CContentDecorator->processOutput()
#3 C:\xampp\htdocs\framework\web\CBaseController.php(214): CContentDecorator->run()
#4 C:\xampp\htdocs\framework\web\CBaseController.php(308): ClientController->endWidget()
#5 C:\xampp\htdocs\petrol\themes\admin\views\layouts\column2.php(4): ClientController->endContent()
#6 C:\xampp\htdocs\framework\web\CBaseController.php(126): require()
#7 C:\xampp\htdocs\framework\web\CBaseController.php(95): ClientController->renderInternal()
#8 C:\xampp\htdocs\framework\web\CController.php(784): ClientController->renderFile()
#9 C:\xampp\htdocs\petrol\protected\modules\admin\controllers\ClientController.php(140): ClientController->render()
#10 C:\xampp\htdocs\framework\web\actions\CInlineAction.php(49): ClientController->actionManage()
#11 C:\xampp\htdocs\framework\web\CController.php(308): CInlineAction->runWithParams()
#12 C:\xampp\htdocs\framework\web\filters\CFilterChain.php(133): ClientController->runAction()
#13 C:\xampp\htdocs\framework\web\filters\CFilter.php(40): CFilterChain->run()
#14 C:\xampp\htdocs\framework\web\CController.php(1145): CAccessControlFilter->filter()
#15 C:\xampp\htdocs\framework\web\filters\CInlineFilter.php(58): ClientController->filterAccessControl()
#16 C:\xampp\htdocs\framework\web\filters\CFilterChain.php(130): CInlineFilter->filter()
#17 C:\xampp\htdocs\framework\web\CController.php(291): CFilterChain->run()
#18 C:\xampp\htdocs\framework\web\CController.php(265): ClientController->runActionWithFilters()
#19 C:\xampp\htdocs\framework\web\CWebApplication.php(282): ClientController->run()
#20 C:\xampp\htdocs\framework\web\CWebApplication.php(141): CWebApplication->runController()
#21 C:\xampp\htdocs\framework\base\CApplication.php(184): CWebApplication->processRequest()
#22 C:\xampp\htdocs\petrol\index.php(13): CWebApplication->run()
REQUEST_URI=/petrol/index.php/admin/client/manage
in C:\xampp\htdocs\petrol\themes\admin\views\layouts\main.php (65)
in C:\xampp\htdocs\petrol\themes\admin\views\layouts\column2.php (4)
in C:\xampp\htdocs\petrol\protected\modules\admin\controllers\ClientController.php (140)
2017/01/24 21:10:51 [error] [exception.CException] exception 'CException' with message 'Property "Client.modified_by" is not defined.' in C:\xampp\htdocs\framework\base\CComponent.php:173
Stack trace:
#0 C:\xampp\htdocs\framework\db\ar\CActiveRecord.php(161): CComponent->__set('modified_by', NULL)
#1 C:\xampp\htdocs\petrol\protected\models\AdminBaseModel.php(21): CActiveRecord->__set('modified_by', NULL)
#2 C:\xampp\htdocs\framework\base\CModel.php(156): AdminBaseModel->beforeValidate()
#3 C:\xampp\htdocs\framework\db\ar\CActiveRecord.php(808): CModel->validate(NULL)
#4 C:\xampp\htdocs\petrol\protected\modules\admin\controllers\ClientController.php(73): CActiveRecord->save()
#5 C:\xampp\htdocs\framework\web\actions\CInlineAction.php(49): ClientController->actionCreate()
#6 C:\xampp\htdocs\framework\web\CController.php(308): CInlineAction->runWithParams(Array)
#7 C:\xampp\htdocs\framework\web\filters\CFilterChain.php(133): CController->runAction(Object(CInlineAction))
#8 C:\xampp\htdocs\framework\web\filters\CFilter.php(40): CFilterChain->run()
#9 C:\xampp\htdocs\framework\web\CController.php(1145): CFilter->filter(Object(CFilterChain))
#10 C:\xampp\htdocs\framework\web\filters\CInlineFilter.php(58): CController->filterAccessControl(Object(CFilterChain))
#11 C:\xampp\htdocs\framework\web\filters\CFilterChain.php(130): CInlineFilter->filter(Object(CFilterChain))
#12 C:\xampp\htdocs\framework\web\CController.php(291): CFilterChain->run()
#13 C:\xampp\htdocs\framework\web\CController.php(265): CController->runActionWithFilters(Object(CInlineAction), Array)
#14 C:\xampp\htdocs\framework\web\CWebApplication.php(282): CController->run('create')
#15 C:\xampp\htdocs\framework\web\CWebApplication.php(141): CWebApplication->runController('admin/client/cr...')
#16 C:\xampp\htdocs\framework\base\CApplication.php(184): CWebApplication->processRequest()
#17 C:\xampp\htdocs\petrol\index.php(13): CApplication->run()
#18 {main}
REQUEST_URI=/petrol/admin/client/create
HTTP_REFERER=http://localhost/petrol/admin/client/create
---
2017/01/24 21:26:19 [error] [exception.CHttpException.404] exception 'CHttpException' with message 'The system is unable to find the requested action "manage".' in C:\xampp\htdocs\framework\web\CController.php:483
Stack trace:
#0 C:\xampp\htdocs\framework\web\CController.php(270): CController->missingAction('manage')
#1 C:\xampp\htdocs\framework\web\CWebApplication.php(282): CController->run('manage')
#2 C:\xampp\htdocs\framework\web\CWebApplication.php(141): CWebApplication->runController('admin/vehicle/m...')
#3 C:\xampp\htdocs\framework\base\CApplication.php(184): CWebApplication->processRequest()
#4 C:\xampp\htdocs\petrol\index.php(13): CApplication->run()
#5 {main}
REQUEST_URI=/petrol/index.php/admin/vehicle/manage
HTTP_REFERER=http://localhost/petrol/index.php/admin/client/manage
---
2017/01/25 20:50:48 [error] [exception.CHttpException.404] exception 'CHttpException' with message 'The system is unable to find the requested action "productType".' in C:\xampp\htdocs\framework\web\CController.php:483
Stack trace:
#0 C:\xampp\htdocs\framework\web\CController.php(270): CController->missingAction('productType')
#1 C:\xampp\htdocs\framework\web\CWebApplication.php(282): CController->run('productType')
#2 C:\xampp\htdocs\framework\web\CWebApplication.php(141): CWebApplication->runController('admin/client/pr...')
#3 C:\xampp\htdocs\framework\base\CApplication.php(184): CWebApplication->processRequest()
#4 C:\xampp\htdocs\petrol\index.php(13): CApplication->run()
#5 {main}
REQUEST_URI=/petrol/admin/client/productType
HTTP_REFERER=http://localhost/petrol/index.php/admin/productType/manage
---
2017/01/25 20:51:13 [error] [exception.CHttpException.404] exception 'CHttpException' with message 'The system is unable to find the requested action "producttype".' in C:\xampp\htdocs\framework\web\CController.php:483
Stack trace:
#0 C:\xampp\htdocs\framework\web\CController.php(270): CController->missingAction('producttype')
#1 C:\xampp\htdocs\framework\web\CWebApplication.php(282): CController->run('producttype')
#2 C:\xampp\htdocs\framework\web\CWebApplication.php(141): CWebApplication->runController('admin/client/pr...')
#3 C:\xampp\htdocs\framework\base\CApplication.php(184): CWebApplication->processRequest()
#4 C:\xampp\htdocs\petrol\index.php(13): CApplication->run()
#5 {main}
REQUEST_URI=/petrol/admin/client/producttype
---
2017/01/25 21:03:41 [error] [exception.CException] exception 'CException' with message 'Property "CWebApplication.saleScript" is not defined.' in C:\xampp\htdocs\framework\base\CComponent.php:130
Stack trace:
#0 C:\xampp\htdocs\framework\base\CModule.php(105): CComponent->__get('saleScript')
#1 C:\xampp\htdocs\petrol\protected\modules\admin\views\sale\admin.php(21): CModule->__get('saleScript')
#2 C:\xampp\htdocs\framework\web\CBaseController.php(126): require('C:\\xampp\\htdocs...')
#3 C:\xampp\htdocs\framework\web\CBaseController.php(95): CBaseController->renderInternal('C:\\xampp\\htdocs...', Array, true)
#4 C:\xampp\htdocs\framework\web\CController.php(869): CBaseController->renderFile('C:\\xampp\\htdocs...', Array, true)
#5 C:\xampp\htdocs\framework\web\CController.php(782): CController->renderPartial('admin', Array, true)
#6 C:\xampp\htdocs\petrol\protected\modules\admin\controllers\SaleController.php(136): CController->render('admin', Array)
#7 C:\xampp\htdocs\framework\web\actions\CInlineAction.php(49): SaleController->actionManage()
#8 C:\xampp\htdocs\framework\web\CController.php(308): CInlineAction->runWithParams(Array)
#9 C:\xampp\htdocs\framework\web\filters\CFilterChain.php(133): CController->runAction(Object(CInlineAction))
#10 C:\xampp\htdocs\framework\web\filters\CFilter.php(40): CFilterChain->run()
#11 C:\xampp\htdocs\framework\web\CController.php(1145): CFilter->filter(Object(CFilterChain))
#12 C:\xampp\htdocs\framework\web\filters\CInlineFilter.php(58): CController->filterAccessControl(Object(CFilterChain))
#13 C:\xampp\htdocs\framework\web\filters\CFilterChain.php(130): CInlineFilter->filter(Object(CFilterChain))
#14 C:\xampp\htdocs\framework\web\CController.php(291): CFilterChain->run()
#15 C:\xampp\htdocs\framework\web\CController.php(265): CController->runActionWithFilters(Object(CInlineAction), Array)
#16 C:\xampp\htdocs\framework\web\CWebApplication.php(282): CController->run('manage')
#17 C:\xampp\htdocs\framework\web\CWebApplication.php(141): CWebApplication->runController('admin/sale/mana...')
#18 C:\xampp\htdocs\framework\base\CApplication.php(184): CWebApplication->processRequest()
#19 C:\xampp\htdocs\petrol\index.php(13): CApplication->run()
#20 {main}
REQUEST_URI=/petrol/index.php/admin/sale/manage
HTTP_REFERER=http://localhost/petrol/admin/sale/create
---
2017/01/25 21:30:40 [error] [exception.CHttpException.404] exception 'CHttpException' with message 'Unable to resolve the request "sale/default/loadnozzles".' in C:\xampp\htdocs\framework\web\CWebApplication.php:286
Stack trace:
#0 C:\xampp\htdocs\framework\web\CWebApplication.php(141): CWebApplication->runController('sale/default/lo...')
#1 C:\xampp\htdocs\framework\base\CApplication.php(184): CWebApplication->processRequest()
#2 C:\xampp\htdocs\petrol\index.php(13): CApplication->run()
#3 {main}
REQUEST_URI=/petrol/index.php/sale/loadnozzles
HTTP_REFERER=http://localhost/petrol/index.php/admin/sale/manage
---
2017/01/25 21:48:50 [error] [exception.CHttpException.404] exception 'CHttpException' with message 'Unable to resolve the request "css/default/jui/softark/jquery-ui-1.9.2.custom.css".' in C:\xampp\htdocs\framework\web\CWebApplication.php:286
Stack trace:
#0 C:\xampp\htdocs\framework\web\CWebApplication.php(141): CWebApplication->runController('css/default/jui...')
#1 C:\xampp\htdocs\framework\base\CApplication.php(184): CWebApplication->processRequest()
#2 C:\xampp\htdocs\petrol\index.php(13): CApplication->run()
#3 {main}
REQUEST_URI=/petrol/css/jui/softark/jquery-ui-1.9.2.custom.css
HTTP_REFERER=http://localhost/petrol/index.php/admin/sale/manage
---
2017/01/25 21:52:13 [error] [exception.CHttpException.404] exception 'CHttpException' with message 'Unable to resolve the request "css/default/softark/bootstrap-datepicker3.css".' in C:\xampp\htdocs\framework\web\CWebApplication.php:286
Stack trace:
#0 C:\xampp\htdocs\framework\web\CWebApplication.php(141): CWebApplication->runController('css/default/sof...')
#1 C:\xampp\htdocs\framework\base\CApplication.php(184): CWebApplication->processRequest()
#2 C:\xampp\htdocs\petrol\index.php(13): CApplication->run()
#3 {main}
REQUEST_URI=/petrol/css/softark/bootstrap-datepicker3.css
HTTP_REFERER=http://localhost/petrol/index.php/admin/sale/manage
---
2017/01/25 21:52:35 [error] [exception.CHttpException.404] exception 'CHttpException' with message 'Unable to resolve the request "css/default/base/bootstrap-datepicker3.css".' in C:\xampp\htdocs\framework\web\CWebApplication.php:286
Stack trace:
#0 C:\xampp\htdocs\framework\web\CWebApplication.php(141): CWebApplication->runController('css/default/bas...')
#1 C:\xampp\htdocs\framework\base\CApplication.php(184): CWebApplication->processRequest()
#2 C:\xampp\htdocs\petrol\index.php(13): CApplication->run()
#3 {main}
REQUEST_URI=/petrol/css/base/bootstrap-datepicker3.css
HTTP_REFERER=http://localhost/petrol/index.php/admin/sale/manage
---
